2016-12-16 11:46:12   ifconfig
2016-12-16 11:46:35   pwd
2016-12-16 11:46:40   hostname 
2016-12-16 11:46:42   df -lh
2016-12-16 12:25:47   cd /da		exit
2016-12-16 15:17:50 | 10.100.0.55 | root | 
2016-12-16 15:17:51 | 10.100.0.55 | root | 
2016-12-16 15:17:51 | 10.100.0.55 | root | ls
2016-12-16 15:17:53 | 10.100.0.55 | root | pwd
2016-12-16 15:19:46 | 10.100.0.55 | root | top
2016-12-16 15:20:02 | 10.100.0.55 | root | pp
2016-12-16 15:21:20 | 10.100.0.55 | root | exit
2016-12-16 15:22:35 | 10.100.0.55 | pyyx | ifconfig
2016-12-16 15:23:21 | 10.100.0.55 | pyyx | exit
2016-12-16 15:42:53 | 10.100.0.55 | root | 
2016-12-16 15:42:54 | 10.100.0.55 | root | 
2016-12-16 15:42:54 | 10.100.0.55 | root | 
2016-12-16 15:42:57 | 10.100.0.55 | root | ifconfig
2016-12-16 15:43:05 | 10.100.0.55 | root | wecho haha
2016-12-16 15:43:58 | 10.100.0.55 | root | exit
2016-12-16 15:48:51 |ops_user: root| 10.100.0.55 | root | idifconfig
2016-12-16 15:48:53 |ops_user: root| 10.100.0.55 | root | pwd
2016-12-16 15:49:48 |ops_user: root| 10.100.0.55 | root | df -lh
2016-12-16 15:49:51 |ops_user: root| 10.100.0.55 | root | free -m
2016-12-16 15:50:49 |ops_user: root| 10.100.0.55 | root | ls
2016-12-16 15:51:43 |ops_user: root| 10.100.0.200 | root | 
2016-12-16 15:51:43 |ops_user: root| 10.100.0.200 | root | 
2016-12-16 15:51:46 |ops_user: root| 10.100.0.200 | root | ipwd
2016-12-16 15:51:50 |ops_user: root| 10.100.0.200 | root | hostname
2016-12-16 15:52:38 |ops_user: root| 10.100.0.200 | root | exit
2016-12-16 15:55:41 |ops_user: root| 10.100.0.55 | root | exit
